161209 16:52:53 mysqld_safe Starting mysqld daemon with databases from /var/lib/mysql
161209 16:52:53 [Note] /usr/sbin/mysqld (mysqld 10.0.28-MariaDB-0ubuntu0.16.04.1) starting as process 132 ...
161209 16:52:53 [Note] InnoDB: Using mutexes to ref count buffer pool pages
161209 16:52:53 [Note] InnoDB: The InnoDB memory heap is disabled
161209 16:52:53 [Note] InnoDB: Mutexes and rw_locks use GCC atomic builtins
161209 16:52:53 [Note] InnoDB: GCC builtin __atomic_thread_fence() is used for memory barrier
161209 16:52:53 [Note] InnoDB: Compressed tables use zlib 1.2.8
161209 16:52:53 [Note] InnoDB: Using Linux native AIO
161209 16:52:53 [Note] InnoDB: Using CPU crc32 instructions
161209 16:52:53 [Note] InnoDB: Initializing buffer pool, size = 128.0M
161209 16:52:53 [Note] InnoDB: Completed initialization of buffer pool
161209 16:52:53 [Note] InnoDB: Highest supported file format is Barracuda.
161209 16:52:53 [Note] InnoDB: 128 rollback segment(s) are active.
161209 16:52:53 [Note] InnoDB: Waiting for purge to start
161209 16:52:53 [Note] InnoDB:  Percona XtraDB (http://www.percona.com) 5.6.32-79.0 started; log sequence number 1623589
161209 16:52:53 [Note] Plugin 'FEEDBACK' is disabled.
161209 16:52:53 [Note] Server socket created on IP: '0.0.0.0'.
161209 16:52:53 [Note] /usr/sbin/mysqld: ready for connections.
Version: '10.0.28-MariaDB-0ubuntu0.16.04.1'  socket: '/var/run/mysqld/mysqld.sock'  port: 3306  Ubuntu 16.04
161209 17:01:41 [Warning] 'user' entry 'root@localhost' has both a password and an authentication plugin specified. The password will be ignored.
